Using pre-set license
Built from '2020.3/staging' branch; Version is '2020.3.20f1 (41c4e627c95f) revision 4310246'; Using compiler version '192528614'; Build Type 'Release'
OS: 'Windows 10 Enterprise; OS build 19044.2251; Version 2009; 64bit' Language: 'tr' Physical Memory: 7549 MB
BatchMode: 1, IsHumanControllingUs: 0, StartBugReporterOnCrash: 0, Is64bit: 1, IsPro: 0

COMMAND LINE ARGUMENTS:
C:\Program Files\Unity\Hub\Editor\2020.3.20f1\Editor\Unity.exe
-adb2
-batchMode
-noUpm
-name
AssetImportWorker0
-projectPath
C:/Users/Muhammed Emin BARKOÇ/Desktop/2D-Metroidvania-Game/2D Metroidvania Game
-logFile
Logs/AssetImportWorker0.log
-srvPort
53521
Successfully changed project path to: C:/Users/Muhammed Emin BARKOÇ/Desktop/2D-Metroidvania-Game/2D Metroidvania Game
C:/Users/Muhammed Emin BARKOÇ/Desktop/2D-Metroidvania-Game/2D Metroidvania Game
Using Asset Import Pipeline V2.
Refreshing native plugins compatible for Editor in 44.35 ms, found 3 plugins.
Preloading 0 native plugins for Editor in 0.00 ms.
Initialize engine version: 2020.3.20f1 (41c4e627c95f)
[Subsystems] Discovering subsystems at path C:/Program Files/Unity/Hub/Editor/2020.3.20f1/Editor/Data/Resources/UnitySubsystems
[Subsystems] Discovering subsystems at path C:/Users/Muhammed Emin BARKOÇ/Desktop/2D-Metroidvania-Game/2D Metroidvania Game/Assets
GfxDevice: creating device client; threaded=0
Direct3D:
    Version:  Direct3D 11.0 [level 11.1]
    Renderer: NVIDIA GeForce GTX 1650 Ti (ID=0x1f95)
    Vendor:   
    VRAM:     3962 MB
    Driver:   30.0.14.7219
Initialize mono
Mono path[0] = 'C:/Program Files/Unity/Hub/Editor/2020.3.20f1/Editor/Data/Managed'
Mono path[1] = 'C:/Program Files/Unity/Hub/Editor/2020.3.20f1/Editor/Data/MonoBleedingEdge/lib/mono/unityjit'
Mono config path = 'C:/Program Files/Unity/Hub/Editor/2020.3.20f1/Editor/Data/MonoBleedingEdge/etc'
Using monoOptions --debugger-agent=transport=dt_socket,embedding=1,server=y,suspend=n,address=127.0.0.1:56804
Begin MonoManager ReloadAssembly
Registering precompiled unity dll's ...
Register platform support module: C:/Program Files/Unity/Hub/Editor/2020.3.20f1/Editor/Data/PlaybackEngines/WindowsStandaloneSupport/UnityEditor.WindowsStandalone.Extensions.dll
Registered in 0.001903 seconds.
Native extension for WindowsStandalone target not found
Refreshing native plugins compatible for Editor in 42.09 ms, found 3 plugins.
Preloading 0 native plugins for Editor in 0.00 ms.
Mono: successfully reloaded assembly
- Completed reload, in  1.748 seconds
Domain Reload Profiling:
	ReloadAssembly (1749ms)
		BeginReloadAssembly (51ms)
			ExecutionOrderSort (0ms)
			DisableScriptedObjects (0ms)
			BackupInstance (0ms)
			ReleaseScriptingObjects (0ms)
			CreateAndSetChildDomain (1ms)
		EndReloadAssembly (420ms)
			LoadAssemblies (49ms)
			RebuildTransferFunctionScriptingTraits (0ms)
			SetupTypeCache (150ms)
			ReleaseScriptCaches (0ms)
			RebuildScriptCaches (31ms)
			SetupLoadedEditorAssemblies (167ms)
				LogAssemblyErrors (0ms)
				InitializePlatformSupportModulesInManaged (4ms)
				SetLoadedEditorAssemblies (0ms)
				RefreshPlugins (42ms)
				BeforeProcessingInitializeOnLoad (16ms)
				ProcessInitializeOnLoadAttributes (73ms)
				ProcessInitializeOnLoadMethodAttributes (32ms)
				AfterProcessingInitializeOnLoad (0ms)
				EditorAssembliesLoaded (0ms)
			ExecutionOrderSort2 (0ms)
			AwakeInstancesAfterBackupRestoration (0ms)
Platform modules already initialized, skipping
Registering precompiled user dll's ...
Registered in 0.003302 seconds.
Begin MonoManager ReloadAssembly
Native extension for WindowsStandalone target not found
Refreshing native plugins compatible for Editor in 43.67 ms, found 3 plugins.
Preloading 0 native plugins for Editor in 0.00 ms.
Mono: successfully reloaded assembly
- Completed reload, in  1.123 seconds
Domain Reload Profiling:
	ReloadAssembly (1124ms)
		BeginReloadAssembly (158ms)
			ExecutionOrderSort (0ms)
			DisableScriptedObjects (4ms)
			BackupInstance (0ms)
			ReleaseScriptingObjects (0ms)
			CreateAndSetChildDomain (23ms)
		EndReloadAssembly (898ms)
			LoadAssemblies (92ms)
			RebuildTransferFunctionScriptingTraits (0ms)
			SetupTypeCache (287ms)
			ReleaseScriptCaches (1ms)
			RebuildScriptCaches (50ms)
			SetupLoadedEditorAssemblies (352ms)
				LogAssemblyErrors (0ms)
				InitializePlatformSupportModulesInManaged (4ms)
				SetLoadedEditorAssemblies (0ms)
				RefreshPlugins (44ms)
				BeforeProcessingInitializeOnLoad (83ms)
				ProcessInitializeOnLoadAttributes (197ms)
				ProcessInitializeOnLoadMethodAttributes (17ms)
				AfterProcessingInitializeOnLoad (6ms)
				EditorAssembliesLoaded (0ms)
			ExecutionOrderSort2 (0ms)
			AwakeInstancesAfterBackupRestoration (6ms)
Platform modules already initialized, skipping
========================================================================
Worker process is ready to serve import requests
Launched and connected shader compiler UnityShaderCompiler.exe after 0.05 seconds
Refreshing native plugins compatible for Editor in 0.54 ms, found 3 plugins.
Preloading 0 native plugins for Editor in 0.00 ms.
Unloading 2066 Unused Serialized files (Serialized files now loaded: 0)
System memory in use before: 93.3 MB.
System memory in use after: 93.4 MB.

Unloading 25 unused Assets to reduce memory usage. Loaded Objects now: 2506.
Total: 4.313200 ms (FindLiveObjects: 0.349300 ms CreateObjectMapping: 0.105700 ms MarkObjects: 3.765600 ms  DeleteObjects: 0.090200 ms)

AssetImportParameters requested are different than current active one (requested -> active):
  custom:framework-win-MediaFoundation: 216162199b28c13a410421893ffa2e32 -> 
  custom:video-decoder-ogg-theora: a1e56fd34408186e4bbccfd4996cb3dc -> 
  custom:container-muxer-webm: aa71ff27fc2769a1b78a27578f13a17b -> 
  custom:container-demuxer-webm: 4f35f7cbe854078d1ac9338744f61a02 -> 
  custom:container-demuxer-ogg: 62fdf1f143b41e24485cea50d1cbac27 -> 
  custom:video-encoder-webm-vp8: eb34c28f22e8b96e1ab97ce403110664 -> 
  custom:video-decoder-webm-vp8: 9c59270c3fd7afecdb556c50c9e8de78 -> 
  custom:audio-decoder-ogg-vorbis: bf7c407c2cedff20999df2af8eb42d56 -> 
  custom:audio-encoder-webm-vorbis: bf7c407c2cedff20999df2af8eb42d56 -> 
========================================================================
Received Import Request.
  path: Assets/Animations/Player/Player
  artifactKey: Guid(434b13047c1e74b40af93b30717b06bf) Importer(815301076,1909f56bfc062723c751e8b465ee728b)
Start importing Assets/Animations/Player/Player using Guid(434b13047c1e74b40af93b30717b06bf) Importer(815301076,1909f56bfc062723c751e8b465ee728b)  -> (artifact id: '87b73ce97e98ad83588ac4e4e743f1f4') in 0.007187 seconds 
  Import took 0.011069 seconds .

========================================================================
Received Import Request.
  Time since last request: 100.162978 seconds.
  path: Assets/Animations/Player/Explosion.controller
  artifactKey: Guid(10c34789df313eb4f9ec5c74b2431019) Importer(815301076,1909f56bfc062723c751e8b465ee728b)
Start importing Assets/Animations/Player/Explosion.controller using Guid(10c34789df313eb4f9ec5c74b2431019) Importer(815301076,1909f56bfc062723c751e8b465ee728b)  -> (artifact id: '504d3d88a98799747d13a97c45aae4c5') in 0.045734 seconds 
  Import took 0.050925 seconds .

========================================================================
Received Import Request.
  Time since last request: 14.867945 seconds.
  path: Assets/Animations/Player/Player/Ball Sprite.controller
  artifactKey: Guid(fd678e1588985a34c81d7ba6516c25dc) Importer(815301076,1909f56bfc062723c751e8b465ee728b)
Start importing Assets/Animations/Player/Player/Ball Sprite.controller using Guid(fd678e1588985a34c81d7ba6516c25dc) Importer(815301076,1909f56bfc062723c751e8b465ee728b)  -> (artifact id: '65e214ad55dc3f0ae777960e97c32d51') in 0.005364 seconds 
  Import took 0.012866 seconds .

========================================================================
Received Import Request.
  Time since last request: 0.993742 seconds.
  path: Assets/Animations/Player/Player/Standing Sprite.controller
  artifactKey: Guid(1220e2f56f8e4cb4ba2c662d07846bed) Importer(815301076,1909f56bfc062723c751e8b465ee728b)
Start importing Assets/Animations/Player/Player/Standing Sprite.controller using Guid(1220e2f56f8e4cb4ba2c662d07846bed) Importer(815301076,1909f56bfc062723c751e8b465ee728b)  -> (artifact id: 'f282e5028f0709e53a9daac7c28ae04b') in 0.005806 seconds 
  Import took 0.011848 seconds .

========================================================================
Received Import Request.
  Time since last request: 0.460148 seconds.
  path: Assets/Animations/Player/Player/Player_Jump.anim
  artifactKey: Guid(18938844e2b6cef4cb1a9cc0041d9e6d) Importer(815301076,1909f56bfc062723c751e8b465ee728b)
Start importing Assets/Animations/Player/Player/Player_Jump.anim using Guid(18938844e2b6cef4cb1a9cc0041d9e6d) Importer(815301076,1909f56bfc062723c751e8b465ee728b)  -> (artifact id: '4dfc5ef4d88242bbaea7aab70c2a443a') in 0.005939 seconds 
  Import took 0.010235 seconds .

========================================================================
Received Import Request.
  Time since last request: 0.781933 seconds.
  path: Assets/Animations/Player/Player/Player_Idle.anim
  artifactKey: Guid(a115123dc4bc230439ace78c9dabb8e2) Importer(815301076,1909f56bfc062723c751e8b465ee728b)
Start importing Assets/Animations/Player/Player/Player_Idle.anim using Guid(a115123dc4bc230439ace78c9dabb8e2) Importer(815301076,1909f56bfc062723c751e8b465ee728b)  -> (artifact id: '3e2d16b3002a9ff6f339f212ad2d986b') in 0.005269 seconds 
  Import took 0.012164 seconds .

========================================================================
Received Import Request.
  Time since last request: 94.601627 seconds.
  path: Assets/Animations/Player/New Animation.anim
  artifactKey: Guid(f274d80ea1835b042a8c982fa1267e5a) Importer(815301076,1909f56bfc062723c751e8b465ee728b)
Start importing Assets/Animations/Player/New Animation.anim using Guid(f274d80ea1835b042a8c982fa1267e5a) Importer(815301076,1909f56bfc062723c751e8b465ee728b)  -> (artifact id: '30176422a00cca669f1f052ce41b9adc') in 0.100388 seconds 
  Import took 0.104791 seconds .

========================================================================
Received Import Request.
  Time since last request: 9.787895 seconds.
  path: Assets/Animations/Player/Player_Ball_Idle.anim
  artifactKey: Guid(388b47543b53a9f4e853b02fb542bdba) Importer(815301076,1909f56bfc062723c751e8b465ee728b)
Start importing Assets/Animations/Player/Player_Ball_Idle.anim using Guid(388b47543b53a9f4e853b02fb542bdba) Importer(815301076,1909f56bfc062723c751e8b465ee728b)  -> (artifact id: 'b8ff9c83effb89291ffd049ef02c0606') in 0.007272 seconds 
  Import took 0.011903 seconds .

========================================================================
Received Import Request.
  Time since last request: 31.574645 seconds.
  path: Assets/Animations/Player/Player_DoubleJump.anim
  artifactKey: Guid(d6cec4db8338e3a4ea95aeacb5023bea) Importer(815301076,1909f56bfc062723c751e8b465ee728b)
Start importing Assets/Animations/Player/Player_DoubleJump.anim using Guid(d6cec4db8338e3a4ea95aeacb5023bea) Importer(815301076,1909f56bfc062723c751e8b465ee728b)  -> (artifact id: 'baa571b6a8b3adfd79fd756ad2b0bee6') in 0.010320 seconds 
  Import took 0.016713 seconds .

========================================================================
Received Import Request.
  Time since last request: 32.009510 seconds.
  path: Assets/Animations/Player/Player_Ball_Move.anim
  artifactKey: Guid(066b635e62a2f114c938177fff2e5f68) Importer(815301076,1909f56bfc062723c751e8b465ee728b)
Start importing Assets/Animations/Player/Player_Ball_Move.anim using Guid(066b635e62a2f114c938177fff2e5f68) Importer(815301076,1909f56bfc062723c751e8b465ee728b)  -> (artifact id: '23a9d75351db632a1c0378ee68d0e413') in 0.004475 seconds 
  Import took 0.010837 seconds .

========================================================================
Received Import Request.
  Time since last request: 4.370223 seconds.
  path: Assets/Animations/Player/Player_DoubleJump 1.anim
  artifactKey: Guid(de4b370ea53b67749a0e142e28df7e41) Importer(815301076,1909f56bfc062723c751e8b465ee728b)
Start importing Assets/Animations/Player/Player_DoubleJump 1.anim using Guid(de4b370ea53b67749a0e142e28df7e41) Importer(815301076,1909f56bfc062723c751e8b465ee728b)  -> (artifact id: '860fc4e477a3a48cbd2fe509f8174c12') in 0.011010 seconds 
  Import took 0.016507 seconds .

========================================================================
Received Import Request.
  Time since last request: 1.447245 seconds.
  path: Assets/Animations/Player/Player_Ball_Idle 1.anim
  artifactKey: Guid(7b9dd86c17dfd6f438fbf75995cbdc7b) Importer(815301076,1909f56bfc062723c751e8b465ee728b)
Start importing Assets/Animations/Player/Player_Ball_Idle 1.anim using Guid(7b9dd86c17dfd6f438fbf75995cbdc7b) Importer(815301076,1909f56bfc062723c751e8b465ee728b)  -> (artifact id: '1466c7950a28f4896a9972a554a37363') in 0.009466 seconds 
  Import took 0.015534 seconds .

========================================================================
Received Import Request.
  Time since last request: 9.995139 seconds.
  path: Assets/Animations/Player/Standing Sprite.controller
  artifactKey: Guid(1220e2f56f8e4cb4ba2c662d07846bed) Importer(815301076,1909f56bfc062723c751e8b465ee728b)
Start importing Assets/Animations/Player/Standing Sprite.controller using Guid(1220e2f56f8e4cb4ba2c662d07846bed) Importer(815301076,1909f56bfc062723c751e8b465ee728b)  -> (artifact id: '7f08c991a1a88677a9e686498d665d00') in 0.005617 seconds 
  Import took 0.010742 seconds .

AssetImportWorkerClient::OnTransportError - code=2 error=End of file
